<?xml version="1.0" encoding="UTF-8"?>
<coverage generated="1658866192965" clover="3.2.0">
  <project timestamp="1658866192965" name="All files">
    <metrics statements="5" coveredstatements="5" conditionals="37" coveredconditionals="37" methods="2" coveredmethods="2" elements="44" coveredelements="44" complexity="0" loc="5" ncloc="5" packages="2" files="2" classes="2"/>
    <package name="components">
      <metrics statements="2" coveredstatements="2" conditionals="37" coveredconditionals="37" methods="1" coveredmethods="1"/>
      <file name="TextInput.tsx" path="/Users/dennissmuda/dev/backytracky-remix/app/components/TextInput.tsx">
        <metrics statements="2" coveredstatements="2" conditionals="37" coveredconditionals="37" methods="1" coveredmethods="1"/>
        <line num="11" count="1" type="stmt"/>
        <line num="17" count="4" type="stmt"/>
      </file>
    </package>
    <package name="routes">
      <metrics statements="3" coveredstatements="3" conditionals="0" coveredconditionals="0" methods="1" coveredmethods="1"/>
      <file name="index.tsx" path="/Users/dennissmuda/dev/backytracky-remix/app/routes/index.tsx">
        <metrics statements="3" coveredstatements="3" conditionals="0" coveredconditionals="0" methods="1" coveredmethods="1"/>
        <line num="1" count="1" type="stmt"/>
        <line num="3" count="1" type="stmt"/>
        <line num="4" count="1" type="stmt"/>
      </file>
    </package>
  </project>
</coverage>
