{"/Users/dennissmuda/dev/backytracky-remix/app/components/TextInput.tsx": {"path":"/Users/dennissmuda/dev/backytracky-remix/app/components/TextInput.tsx","statementMap":{"0":{"start":{"line":17,"column":2},"end":{"line":40,"column":4}},"1":{"start":{"line":11,"column":0},"end":{"line":11,"column":24}}},"fnMap":{"0":{"name":"TextInput","decl":{"start":{"line":11,"column":24},"end":{"line":11,"column":33}},"loc":{"start":{"line":16,"column":13},"end":{"line":41,"column":1}}}},"branchMap":{"0":{"loc":{"start":{"line":15,"column":2},"end":{"line":15,"column":15}},"type":"default-arg","locations":[{"start":{"line":15,"column":9},"end":{"line":15,"column":15}}]},"1":{"loc":{"start":{"line":24,"column":22},"end":{"line":24,"column":46}},"type":"cond-expr","locations":[{"start":{"line":24,"column":40},"end":{"line":24,"column":42}},{"start":{"line":24,"column":40},"end":{"line":24,"column":46}}]},"2":{"loc":{"start":{"line":24,"column":22},"end":{"line":24,"column":42}},"type":"binary-expr","locations":[{"start":{"line":24,"column":22},"end":{"line":24,"column":42}},{"start":{"line":24,"column":40},"end":{"line":24,"column":42}}]},"3":{"loc":{"start":{"line":24,"column":22},"end":{"line":24,"column":40}},"type":"cond-expr","locations":[{"start":{"line":24,"column":32},"end":{"line":24,"column":34}},{"start":{"line":24,"column":22},"end":{"line":24,"column":40}}]},"4":{"loc":{"start":{"line":24,"column":22},"end":{"line":24,"column":34}},"type":"binary-expr","locations":[{"start":{"line":24,"column":22},"end":{"line":24,"column":34}},{"start":{"line":24,"column":22},"end":{"line":24,"column":34}}]},"5":{"loc":{"start":{"line":25,"column":30},"end":{"line":25,"column":59}},"type":"cond-expr","locations":[{"start":{"line":25,"column":53},"end":{"line":25,"column":55}},{"start":{"line":25,"column":53},"end":{"line":25,"column":59}}]},"6":{"loc":{"start":{"line":25,"column":30},"end":{"line":25,"column":55}},"type":"binary-expr","locations":[{"start":{"line":25,"column":30},"end":{"line":25,"column":55}},{"start":{"line":25,"column":53},"end":{"line":25,"column":55}}]},"7":{"loc":{"start":{"line":25,"column":30},"end":{"line":25,"column":53}},"type":"cond-expr","locations":[{"start":{"line":25,"column":40},"end":{"line":25,"column":42}},{"start":{"line":25,"column":30},"end":{"line":25,"column":53}}]},"8":{"loc":{"start":{"line":25,"column":30},"end":{"line":25,"column":42}},"type":"binary-expr","locations":[{"start":{"line":25,"column":30},"end":{"line":25,"column":42}},{"start":{"line":25,"column":30},"end":{"line":25,"column":42}}]},"9":{"loc":{"start":{"line":27,"column":10},"end":{"line":27,"column":69}},"type":"cond-expr","locations":[{"start":{"line":27,"column":42},"end":{"line":27,"column":57}},{"start":{"line":27,"column":60},"end":{"line":27,"column":69}}]},"10":{"loc":{"start":{"line":27,"column":10},"end":{"line":27,"column":39}},"type":"cond-expr","locations":[{"start":{"line":27,"column":33},"end":{"line":27,"column":35}},{"start":{"line":27,"column":33},"end":{"line":27,"column":39}}]},"11":{"loc":{"start":{"line":27,"column":10},"end":{"line":27,"column":35}},"type":"binary-expr","locations":[{"start":{"line":27,"column":10},"end":{"line":27,"column":35}},{"start":{"line":27,"column":33},"end":{"line":27,"column":35}}]},"12":{"loc":{"start":{"line":27,"column":10},"end":{"line":27,"column":33}},"type":"cond-expr","locations":[{"start":{"line":27,"column":20},"end":{"line":27,"column":22}},{"start":{"line":27,"column":10},"end":{"line":27,"column":33}}]},"13":{"loc":{"start":{"line":27,"column":10},"end":{"line":27,"column":22}},"type":"binary-expr","locations":[{"start":{"line":27,"column":10},"end":{"line":27,"column":22}},{"start":{"line":27,"column":10},"end":{"line":27,"column":22}}]},"14":{"loc":{"start":{"line":30,"column":7},"end":{"line":38,"column":14}},"type":"cond-expr","locations":[{"start":{"line":31,"column":8},"end":{"line":36,"column":null}},{"start":{"line":38,"column":10},"end":{"line":38,"column":14}}]},"15":{"loc":{"start":{"line":30,"column":7},"end":{"line":30,"column":36}},"type":"cond-expr","locations":[{"start":{"line":30,"column":30},"end":{"line":30,"column":32}},{"start":{"line":30,"column":30},"end":{"line":30,"column":36}}]},"16":{"loc":{"start":{"line":30,"column":7},"end":{"line":30,"column":32}},"type":"binary-expr","locations":[{"start":{"line":30,"column":7},"end":{"line":30,"column":32}},{"start":{"line":30,"column":30},"end":{"line":30,"column":32}}]},"17":{"loc":{"start":{"line":30,"column":7},"end":{"line":30,"column":30}},"type":"cond-expr","locations":[{"start":{"line":30,"column":17},"end":{"line":30,"column":19}},{"start":{"line":30,"column":7},"end":{"line":30,"column":30}}]},"18":{"loc":{"start":{"line":30,"column":7},"end":{"line":30,"column":19}},"type":"binary-expr","locations":[{"start":{"line":30,"column":7},"end":{"line":30,"column":19}},{"start":{"line":30,"column":7},"end":{"line":30,"column":19}}]}},"s":{"0":4,"1":1},"f":{"0":4},"b":{"0":[4],"1":[1,3],"2":[4,4],"3":[1,3],"4":[4,4],"5":[2,2],"6":[4,4],"7":[1,3],"8":[4,4],"9":[1,3],"10":[2,2],"11":[4,4],"12":[1,3],"13":[4,4],"14":[1,3],"15":[2,2],"16":[4,4],"17":[1,3],"18":[4,4]}}
,"/Users/dennissmuda/dev/backytracky-remix/app/routes/index.tsx": {"path":"/Users/dennissmuda/dev/backytracky-remix/app/routes/index.tsx","statementMap":{"0":{"start":{"line":1,"column":0},"end":{"line":1,"column":40}},"1":{"start":{"line":4,"column":2},"end":{"line":29,"column":4}},"2":{"start":{"line":3,"column":0},"end":{"line":3,"column":24}}},"fnMap":{"0":{"name":"Index","decl":{"start":{"line":3,"column":24},"end":{"line":3,"column":29}},"loc":{"start":{"line":3,"column":29},"end":{"line":30,"column":1}}}},"branchMap":{},"s":{"0":1,"1":1,"2":1},"f":{"0":1},"b":{}}
}
