{"/Users/dennissmuda/dev/backytracky-remix/app/components/TextInput.tsx": {"path":"/Users/dennissmuda/dev/backytracky-remix/app/components/TextInput.tsx","statementMap":{"0":{"start":{"line":17,"column":2},"end":{"line":40,"column":4}},"1":{"start":{"line":11,"column":0},"end":{"line":11,"column":24}}},"fnMap":{"0":{"name":"TextInput","decl":{"start":{"line":11,"column":24},"end":{"line":11,"column":33}},"loc":{"start":{"line":16,"column":13},"end":{"line":41,"column":1}}}},"branchMap":{"0":{"loc":{"start":{"line":15,"column":2},"end":{"line":15,"column":15}},"type":"default-arg","locations":[{"start":{"line":15,"column":9},"end":{"line":15,"column":15}}]},"1":{"loc":{"start":{"line":24,"column":22},"end":{"line":24,"column":46}},"type":"cond-expr","locations":[{"start":{"line":24,"column":40},"end":{"line":24,"column":42}},{"start":{"line":24,"column":40},"end":{"line":24,"column":46}}]},"2":{"loc":{"start":{"line":24,"column":22},"end":{"line":24,"column":42}},"type":"binary-expr","locations":[{"start":{"line":24,"column":22},"end":{"line":24,"column":42}},{"start":{"line":24,"column":40},"end":{"line":24,"column":42}}]},"3":{"loc":{"start":{"line":24,"column":22},"end":{"line":24,"column":40}},"type":"cond-expr","locations":[{"start":{"line":24,"column":32},"end":{"line":24,"column":34}},{"start":{"line":24,"column":22},"end":{"line":24,"column":40}}]},"4":{"loc":{"start":{"line":24,"column":22},"end":{"line":24,"column":34}},"type":"binary-expr","locations":[{"start":{"line":24,"column":22},"end":{"line":24,"column":34}},{"start":{"line":24,"column":22},"end":{"line":24,"column":34}}]},"5":{"loc":{"start":{"line":25,"column":30},"end":{"line":25,"column":59}},"type":"cond-expr","locations":[{"start":{"line":25,"column":53},"end":{"line":25,"column":55}},{"start":{"line":25,"column":53},"end":{"line":25,"column":59}}]},"6":{"loc":{"start":{"line":25,"column":30},"end":{"line":25,"column":55}},"type":"binary-expr","locations":[{"start":{"line":25,"column":30},"end":{"line":25,"column":55}},{"start":{"line":25,"column":53},"end":{"line":25,"column":55}}]},"7":{"loc":{"start":{"line":25,"column":30},"end":{"line":25,"column":53}},"type":"cond-expr","locations":[{"start":{"line":25,"column":40},"end":{"line":25,"column":42}},{"start":{"line":25,"column":30},"end":{"line":25,"column":53}}]},"8":{"loc":{"start":{"line":25,"column":30},"end":{"line":25,"column":42}},"type":"binary-expr","locations":[{"start":{"line":25,"column":30},"end":{"line":25,"column":42}},{"start":{"line":25,"column":30},"end":{"line":25,"column":42}}]},"9":{"loc":{"start":{"line":27,"column":10},"end":{"line":27,"column":69}},"type":"cond-expr","locations":[{"start":{"line":27,"column":42},"end":{"line":27,"column":57}},{"start":{"line":27,"column":60},"end":{"line":27,"column":69}}]},"10":{"loc":{"start":{"line":27,"column":10},"end":{"line":27,"column":39}},"type":"cond-expr","locations":[{"start":{"line":27,"column":33},"end":{"line":27,"column":35}},{"start":{"line":27,"column":33},"end":{"line":27,"column":39}}]},"11":{"loc":{"start":{"line":27,"column":10},"end":{"line":27,"column":35}},"type":"binary-expr","locations":[{"start":{"line":27,"column":10},"end":{"line":27,"column":35}},{"start":{"line":27,"column":33},"end":{"line":27,"column":35}}]},"12":{"loc":{"start":{"line":27,"column":10},"end":{"line":27,"column":33}},"type":"cond-expr","locations":[{"start":{"line":27,"column":20},"end":{"line":27,"column":22}},{"start":{"line":27,"column":10},"end":{"line":27,"column":33}}]},"13":{"loc":{"start":{"line":27,"column":10},"end":{"line":27,"column":22}},"type":"binary-expr","locations":[{"start":{"line":27,"column":10},"end":{"line":27,"column":22}},{"start":{"line":27,"column":10},"end":{"line":27,"column":22}}]},"14":{"loc":{"start":{"line":30,"column":7},"end":{"line":38,"column":14}},"type":"cond-expr","locations":[{"start":{"line":31,"column":8},"end":{"line":36,"column":null}},{"start":{"line":38,"column":10},"end":{"line":38,"column":14}}]},"15":{"loc":{"start":{"line":30,"column":7},"end":{"line":30,"column":36}},"type":"cond-expr","locations":[{"start":{"line":30,"column":30},"end":{"line":30,"column":32}},{"start":{"line":30,"column":30},"end":{"line":30,"column":36}}]},"16":{"loc":{"start":{"line":30,"column":7},"end":{"line":30,"column":32}},"type":"binary-expr","locations":[{"start":{"line":30,"column":7},"end":{"line":30,"column":32}},{"start":{"line":30,"column":30},"end":{"line":30,"column":32}}]},"17":{"loc":{"start":{"line":30,"column":7},"end":{"line":30,"column":30}},"type":"cond-expr","locations":[{"start":{"line":30,"column":17},"end":{"line":30,"column":19}},{"start":{"line":30,"column":7},"end":{"line":30,"column":30}}]},"18":{"loc":{"start":{"line":30,"column":7},"end":{"line":30,"column":19}},"type":"binary-expr","locations":[{"start":{"line":30,"column":7},"end":{"line":30,"column":19}},{"start":{"line":30,"column":7},"end":{"line":30,"column":19}}]}},"s":{"0":4,"1":1},"f":{"0":4},"b":{"0":[4],"1":[1,3],"2":[4,4],"3":[1,3],"4":[4,4],"5":[2,2],"6":[4,4],"7":[1,3],"8":[4,4],"9":[1,3],"10":[2,2],"11":[4,4],"12":[1,3],"13":[4,4],"14":[1,3],"15":[2,2],"16":[4,4],"17":[1,3],"18":[4,4]}}
,"/Users/dennissmuda/dev/backytracky-remix/app/components/track/TrackPlayer.client.tsx": {"path":"/Users/dennissmuda/dev/backytracky-remix/app/components/track/TrackPlayer.client.tsx","statementMap":{"0":{"start":{"line":1,"column":0},"end":{"line":1,"column":52}},"1":{"start":{"line":2,"column":0},"end":{"line":2,"column":46}},"2":{"start":{"line":4,"column":0},"end":{"line":4,"column":42}},"3":{"start":{"line":7,"column":36},"end":{"line":7,"column":60}},"4":{"start":{"line":9,"column":16},"end":{"line":9,"column":44}},"5":{"start":{"line":10,"column":16},"end":{"line":10,"column":44}},"6":{"start":{"line":12,"column":32},"end":{"line":12,"column":36}},"7":{"start":{"line":14,"column":2},"end":{"line":20,"column":9}},"8":{"start":{"line":15,"column":42},"end":{"line":15,"column":59}},"9":{"start":{"line":16,"column":4},"end":{"line":16,"column":33}},"10":{"start":{"line":17,"column":4},"end":{"line":17,"column":32}},"11":{"start":{"line":19,"column":4},"end":{"line":19,"column":16}},"12":{"start":{"line":22,"column":2},"end":{"line":28,"column":9}},"13":{"start":{"line":23,"column":4},"end":{"line":27,"column":6}},"14":{"start":{"line":24,"column":6},"end":{"line":24,"column":13}},"15":{"start":{"line":25,"column":6},"end":{"line":25,"column":29}},"16":{"start":{"line":26,"column":6},"end":{"line":26,"column":28}},"17":{"start":{"line":31,"column":19},"end":{"line":31,"column":43}},"18":{"start":{"line":32,"column":20},"end":{"line":32,"column":44}},"19":{"start":{"line":33,"column":19},"end":{"line":33,"column":43}},"20":{"start":{"line":35,"column":23},"end":{"line":39,"column":6}},"21":{"start":{"line":41,"column":4},"end":{"line":43,"column":19}},"22":{"start":{"line":42,"column":6},"end":{"line":42,"column":75}},"23":{"start":{"line":44,"column":4},"end":{"line":44,"column":24}},"24":{"start":{"line":45,"column":4},"end":{"line":45,"column":27}},"25":{"start":{"line":46,"column":4},"end":{"line":46,"column":27}},"26":{"start":{"line":50,"column":4},"end":{"line":50,"column":23}},"27":{"start":{"line":51,"column":4},"end":{"line":51,"column":22}},"28":{"start":{"line":52,"column":4},"end":{"line":52,"column":12}},"29":{"start":{"line":56,"column":4},"end":{"line":56,"column":24}},"30":{"start":{"line":57,"column":4},"end":{"line":57,"column":22}},"31":{"start":{"line":60,"column":2},"end":{"line":75,"column":4}},"32":{"start":{"line":6,"column":0},"end":{"line":6,"column":24}}},"fnMap":{"0":{"name":"TrackPlayer","decl":{"start":{"line":6,"column":24},"end":{"line":6,"column":35}},"loc":{"start":{"line":6,"column":35},"end":{"line":76,"column":1}}},"1":{"name":"(anonymous_1)","decl":{"start":{"line":14,"column":12},"end":{"line":14,"column":15}},"loc":{"start":{"line":14,"column":17},"end":{"line":20,"column":3}}},"2":{"name":"(anonymous_2)","decl":{"start":{"line":22,"column":12},"end":{"line":22,"column":15}},"loc":{"start":{"line":22,"column":17},"end":{"line":28,"column":3}}},"3":{"name":"(anonymous_3)","decl":{"start":{"line":23,"column":11},"end":{"line":23,"column":14}},"loc":{"start":{"line":23,"column":16},"end":{"line":27,"column":5}}},"4":{"name":"makeMusic","decl":{"start":{"line":30,"column":11},"end":{"line":30,"column":20}},"loc":{"start":{"line":30,"column":20},"end":{"line":47,"column":3}}},"5":{"name":"(anonymous_5)","decl":{"start":{"line":41,"column":26},"end":{"line":41,"column":36}},"loc":{"start":{"line":41,"column":46},"end":{"line":43,"column":5}}},"6":{"name":"play","decl":{"start":{"line":49,"column":11},"end":{"line":49,"column":15}},"loc":{"start":{"line":49,"column":15},"end":{"line":53,"column":3}}},"7":{"name":"stop","decl":{"start":{"line":55,"column":11},"end":{"line":55,"column":15}},"loc":{"start":{"line":55,"column":15},"end":{"line":58,"column":3}}}},"branchMap":{"0":{"loc":{"start":{"line":26,"column":6},"end":{"line":26,"column":27}},"type":"cond-expr","locations":[{"start":{"line":26,"column":16},"end":{"line":26,"column":18}},{"start":{"line":26,"column":6},"end":{"line":26,"column":27}}]},"1":{"loc":{"start":{"line":26,"column":6},"end":{"line":26,"column":18}},"type":"binary-expr","locations":[{"start":{"line":26,"column":6},"end":{"line":26,"column":18}},{"start":{"line":26,"column":6},"end":{"line":26,"column":18}}]},"2":{"loc":{"start":{"line":42,"column":6},"end":{"line":42,"column":74}},"type":"cond-expr","locations":[{"start":{"line":42,"column":20},"end":{"line":42,"column":22}},{"start":{"line":42,"column":20},"end":{"line":42,"column":74}}]},"3":{"loc":{"start":{"line":42,"column":6},"end":{"line":42,"column":22}},"type":"binary-expr","locations":[{"start":{"line":42,"column":6},"end":{"line":42,"column":22}},{"start":{"line":42,"column":20},"end":{"line":42,"column":22}}]},"4":{"loc":{"start":{"line":42,"column":6},"end":{"line":42,"column":20}},"type":"cond-expr","locations":[{"start":{"line":42,"column":11},"end":{"line":42,"column":13}},{"start":{"line":42,"column":6},"end":{"line":42,"column":20}}]},"5":{"loc":{"start":{"line":42,"column":6},"end":{"line":42,"column":13}},"type":"binary-expr","locations":[{"start":{"line":42,"column":6},"end":{"line":42,"column":13}},{"start":{"line":42,"column":6},"end":{"line":42,"column":13}}]},"6":{"loc":{"start":{"line":64,"column":9},"end":{"line":71,"column":null}},"type":"cond-expr","locations":[{"start":{"line":65,"column":10},"end":{"line":65,"column":null}},{"start":{"line":69,"column":10},"end":{"line":69,"column":null}}]}},"s":{"0":1,"1":1,"2":1,"3":1,"4":1,"5":1,"6":1,"7":1,"8":1,"9":1,"10":1,"11":1,"12":1,"13":1,"14":1,"15":0,"16":0,"17":1,"18":1,"19":1,"20":1,"21":1,"22":0,"23":1,"24":1,"25":1,"26":0,"27":0,"28":0,"29":1,"30":1,"31":1,"32":1},"f":{"0":1,"1":1,"2":1,"3":1,"4":1,"5":0,"6":0,"7":1},"b":{"0":[0,0],"1":[0,0],"2":[0,0],"3":[0,0],"4":[0,0],"5":[0,0],"6":[0,1]}}
,"/Users/dennissmuda/dev/backytracky-remix/app/components/track/utils.ts": {"path":"/Users/dennissmuda/dev/backytracky-remix/app/components/track/utils.ts","statementMap":{"0":{"start":{"line":1,"column":0},"end":{"line":1,"column":31}},"1":{"start":{"line":4,"column":23},"end":{"line":44,"column":20}},"2":{"start":{"line":46,"column":22},"end":{"line":57,"column":20}},"3":{"start":{"line":59,"column":2},"end":{"line":62,"column":4}},"4":{"start":{"line":3,"column":0},"end":{"line":3,"column":16}}},"fnMap":{"0":{"name":"loadInstruments","decl":{"start":{"line":3,"column":16},"end":{"line":3,"column":31}},"loc":{"start":{"line":3,"column":31},"end":{"line":63,"column":1}}},"1":{"name":"(anonymous_1)","decl":{"start":{"line":39,"column":12},"end":{"line":39,"column":15}},"loc":{"start":{"line":39,"column":17},"end":{"line":43,"column":5}}},"2":{"name":"(anonymous_2)","decl":{"start":{"line":53,"column":12},"end":{"line":53,"column":15}},"loc":{"start":{"line":53,"column":17},"end":{"line":56,"column":5}}}},"branchMap":{},"s":{"0":1,"1":1,"2":1,"3":1,"4":1},"f":{"0":1,"1":0,"2":0},"b":{}}
,"/Users/dennissmuda/dev/backytracky-remix/app/routes/index.tsx": {"path":"/Users/dennissmuda/dev/backytracky-remix/app/routes/index.tsx","statementMap":{"0":{"start":{"line":1,"column":0},"end":{"line":1,"column":40}},"1":{"start":{"line":4,"column":2},"end":{"line":29,"column":4}},"2":{"start":{"line":3,"column":0},"end":{"line":3,"column":24}}},"fnMap":{"0":{"name":"Index","decl":{"start":{"line":3,"column":24},"end":{"line":3,"column":29}},"loc":{"start":{"line":3,"column":29},"end":{"line":30,"column":1}}}},"branchMap":{},"s":{"0":1,"1":1,"2":1},"f":{"0":1},"b":{}}
}
