TN:
SF:app/components/TextInput.tsx
FN:11,TextInput
FNF:1
FNH:1
FNDA:4,TextInput
DA:11,1
DA:17,4
LF:2
LH:2
BRDA:15,0,0,4
BRDA:24,1,0,1
BRDA:24,1,1,3
BRDA:24,2,0,4
BRDA:24,2,1,4
BRDA:24,3,0,1
BRDA:24,3,1,3
BRDA:24,4,0,4
BRDA:24,4,1,4
BRDA:25,5,0,2
BRDA:25,5,1,2
BRDA:25,6,0,4
BRDA:25,6,1,4
BRDA:25,7,0,1
BRDA:25,7,1,3
BRDA:25,8,0,4
BRDA:25,8,1,4
BRDA:27,9,0,1
BRDA:27,9,1,3
BRDA:27,10,0,2
BRDA:27,10,1,2
BRDA:27,11,0,4
BRDA:27,11,1,4
BRDA:27,12,0,1
BRDA:27,12,1,3
BRDA:27,13,0,4
BRDA:27,13,1,4
BRDA:30,14,0,1
BRDA:30,14,1,3
BRDA:30,15,0,2
BRDA:30,15,1,2
BRDA:30,16,0,4
BRDA:30,16,1,4
BRDA:30,17,0,1
BRDA:30,17,1,3
BRDA:30,18,0,4
BRDA:30,18,1,4
BRF:37
BRH:37
end_of_record
TN:
SF:app/routes/index.tsx
FN:3,Index
FNF:1
FNH:1
FNDA:1,Index
DA:1,1
DA:3,1
DA:4,1
LF:3
LH:3
BRF:0
BRH:0
end_of_record
