TN:
SF:app/components/TextInput.tsx
FN:11,TextInput
FNF:1
FNH:1
FNDA:4,TextInput
DA:11,1
DA:17,4
LF:2
LH:2
BRDA:15,0,0,4
BRDA:24,1,0,1
BRDA:24,1,1,3
BRDA:24,2,0,4
BRDA:24,2,1,4
BRDA:24,3,0,1
BRDA:24,3,1,3
BRDA:24,4,0,4
BRDA:24,4,1,4
BRDA:25,5,0,2
BRDA:25,5,1,2
BRDA:25,6,0,4
BRDA:25,6,1,4
BRDA:25,7,0,1
BRDA:25,7,1,3
BRDA:25,8,0,4
BRDA:25,8,1,4
BRDA:27,9,0,1
BRDA:27,9,1,3
BRDA:27,10,0,2
BRDA:27,10,1,2
BRDA:27,11,0,4
BRDA:27,11,1,4
BRDA:27,12,0,1
BRDA:27,12,1,3
BRDA:27,13,0,4
BRDA:27,13,1,4
BRDA:30,14,0,1
BRDA:30,14,1,3
BRDA:30,15,0,2
BRDA:30,15,1,2
BRDA:30,16,0,4
BRDA:30,16,1,4
BRDA:30,17,0,1
BRDA:30,17,1,3
BRDA:30,18,0,4
BRDA:30,18,1,4
BRF:37
BRH:37
end_of_record
TN:
SF:app/components/track/TrackPlayer.client.tsx
FN:6,TrackPlayer
FN:14,(anonymous_1)
FN:22,(anonymous_2)
FN:23,(anonymous_3)
FN:30,makeMusic
FN:41,(anonymous_5)
FN:49,play
FN:55,stop
FNF:8
FNH:6
FNDA:1,TrackPlayer
FNDA:1,(anonymous_1)
FNDA:1,(anonymous_2)
FNDA:1,(anonymous_3)
FNDA:1,makeMusic
FNDA:0,(anonymous_5)
FNDA:0,play
FNDA:1,stop
DA:1,1
DA:2,1
DA:4,1
DA:6,1
DA:7,1
DA:9,1
DA:10,1
DA:12,1
DA:14,1
DA:15,1
DA:16,1
DA:17,1
DA:19,1
DA:22,1
DA:23,1
DA:24,1
DA:25,0
DA:26,0
DA:31,1
DA:32,1
DA:33,1
DA:35,1
DA:41,1
DA:42,0
DA:44,1
DA:45,1
DA:46,1
DA:50,0
DA:51,0
DA:52,0
DA:56,1
DA:57,1
DA:60,1
LF:33
LH:27
BRDA:26,0,0,0
BRDA:26,0,1,0
BRDA:26,1,0,0
BRDA:26,1,1,0
BRDA:42,2,0,0
BRDA:42,2,1,0
BRDA:42,3,0,0
BRDA:42,3,1,0
BRDA:42,4,0,0
BRDA:42,4,1,0
BRDA:42,5,0,0
BRDA:42,5,1,0
BRDA:64,6,0,0
BRDA:64,6,1,1
BRF:14
BRH:1
end_of_record
TN:
SF:app/components/track/utils.ts
FN:3,loadInstruments
FN:39,(anonymous_1)
FN:53,(anonymous_2)
FNF:3
FNH:1
FNDA:1,loadInstruments
FNDA:0,(anonymous_1)
FNDA:0,(anonymous_2)
DA:1,1
DA:3,1
DA:4,1
DA:46,1
DA:59,1
LF:5
LH:5
BRF:0
BRH:0
end_of_record
TN:
SF:app/routes/index.tsx
FN:3,Index
FNF:1
FNH:1
FNDA:1,Index
DA:1,1
DA:3,1
DA:4,1
LF:3
LH:3
BRF:0
BRH:0
end_of_record
